
          -------------------------------------------------------
          Amber 18 SANDER                              2018
          -------------------------------------------------------

| Run on 05/29/2025 at 15:13:16

|   Executable path: sander
| Working directory: /data/group1/z40145w/amber_btbt_3_
|          Hostname: fx0402

  [-O]verwriting output

File Assignments:
|  MDIN: FF_calc.in                                                            
| MDOUT: btbt_mono_esp.out                                                     
|INPCRD: btbt_mono_esp.inpcrd                                                  
|  PARM: btbt_mono_esp.prmtop                                                  
|RESTRT: min.rst                                                               
|  REFC: btbt_mono_esp.inpcrd                                                  
| MDVEL: mdvel                                                                 
| MDFRC: mdfrc                                                                 
|  MDEN: mden                                                                  
| MDCRD: mdcrd                                                                 
|MDINFO: mdinfo                                                                
|  MTMD: mtmd                                                                  
|INPDIP: inpdip                                                                
|RSTDIP: rstdip                                                                
|INPTRA: inptraj                                                               

 
 Here is the input file:
 
Simple energy evaluation                                                       
&cntrl                                                                         
  imin=1,       ! Do minimization mode (needed to evaluate energy)             
  maxcyc=0,     ! Do zero steps = evaluate energy only                         
  ntb=0,        ! No periodic boundary conditions                              
  cut=999.0,    ! No nonbonded cutoff (optional: set to 10.0 if needed)        
/                                                                              

--------------------------------------------------------------------------------
   1.  RESOURCE   USE: 
--------------------------------------------------------------------------------

| Flags:                                                                        
|    NONPERIODIC   ntb=0 and igb=0: Setting up nonperiodic simulation
|  *** cutoff > system size, list only builds once
|Largest sphere to fit in unit cell has radius =    30.000
| New format PARM file being parsed.
| Version =    1.000 Date = 05/29/25 Time = 15:13:16
 NATOM  =      24 NTYPES =       3 NBONH =       8 MBONA  =      19
 NTHETH =      16 MTHETA =      28 NPHIH =      34 MPHIA  =      48
 NHPARM =       0 NPARM  =       0 NNB   =     125 NRES   =       1
 NBONA  =      19 NTHETA =      28 NPHIA =      48 NUMBND =       8
 NUMANG =      13 NPTRA  =       6 NATYP =       5 NPHB   =       0
 IFBOX  =       0 NMXRS  =      24 IFCAP =       0 NEXTRA =       0
 NCOPY  =       0


|     Memory Use     Allocated
|     Real                6164
|     Hollerith             75
|     Integer            24655
|     Max Pairs            276
|     nblistReal           288
|     nblist Int        920442
|       Total             3743 kbytes

| Note: 1-4 EEL scale factors are being read from the topology file.

| Note: 1-4 VDW scale factors are being read from the topology file.
| Duplicated    0 dihedrals
| Duplicated    0 dihedrals

--------------------------------------------------------------------------------
   2.  CONTROL  DATA  FOR  THE  RUN
--------------------------------------------------------------------------------

MOL                                                                             

General flags:
     imin    =       1, nmropt  =       0

Nature and format of input:
     ntx     =       1, irest   =       0, ntrx    =       1

Nature and format of output:
     ntxo    =       2, ntpr    =      50, ntrx    =       1, ntwr    =       1
     iwrap   =       0, ntwx    =       0, ntwv    =       0, ntwe    =       0
     ioutfm  =       1, ntwprt  =       0, idecomp =       0, rbornstat=      0

Potential function:
     ntf     =       1, ntb     =       0, igb     =       0, nsnb    =      25
     ipol    =       0, gbsa    =       0, iesp    =       0
     dielc   =   1.00000, cut     = 999.00000, intdiel =   1.00000

Frozen or restrained atoms:
     ibelly  =       0, ntr     =       0

Energy minimization:
     maxcyc  =       0, ncyc    =      10, ntmin   =       1
     dx0     =   0.01000, drms    =   0.00010
|  INFO: Old style inpcrd file read


--------------------------------------------------------------------------------
   3.  ATOMIC COORDINATES AND VELOCITIES
--------------------------------------------------------------------------------

MOL                                                                             
 begin time read from input coords =     0.000 ps

 Number of triangulated 3-point waters found:        0

     Sum of charges from parm topology file =   0.00000000
     Forcing neutrality...

--------------------------------------------------------------------------------
   4.  RESULTS
--------------------------------------------------------------------------------

 ---------------------------------------------------

     eedmeth=4: Setting switch to one everywhere

 ---------------------------------------------------
| Local SIZE OF NONBOND LIST =        153
| TOTAL SIZE OF NONBOND LIST =        153


   NSTEP       ENERGY          RMS            GMAX         NAME    NUMBER
      1       3.2788E+01     1.5931E+01     4.7597E+01     C1          1

 BOND    =        1.6852  ANGLE   =       18.1547  DIHED      =        0.0000
 VDWAALS =       -1.6808  EEL     =       -3.7043  HBOND      =        0.0000
 1-4 VDW =        5.7433  1-4 EEL =       12.5898  RESTRAINT  =        0.0000


  Maximum number of minimization cycles reached.


                    FINAL RESULTS



   NSTEP       ENERGY          RMS            GMAX         NAME    NUMBER
      1       3.2788E+01     1.5931E+01     4.7597E+01     C1          1

 BOND    =        1.6852  ANGLE   =       18.1547  DIHED      =        0.0000
 VDWAALS =       -1.6808  EEL     =       -3.7043  HBOND      =        0.0000
 1-4 VDW =        5.7433  1-4 EEL =       12.5898  RESTRAINT  =        0.0000

--------------------------------------------------------------------------------
   5.  TIMINGS
--------------------------------------------------------------------------------

|    Read coords time           0.00 (15.03% of Total)
|    Fast Water setup           0.00 ( 0.03% of Total)
|                Build the list             0.00 (94.99% of List )
|                Other                      0.00 ( 5.01% of List )
|             List time                  0.00 (61.88% of Nonbo)
|                   Short_ene time             0.00 (98.16% of Direc)
|                   Other                      0.00 ( 1.84% of Direc)
|                Direct Ewald time          0.00 (91.48% of Ewald)
|                Virial junk                0.00 ( 0.66% of Ewald)
|                Start synchronizatio       0.00 ( 0.31% of Ewald)
|                Other                      0.00 ( 7.54% of Ewald)
|             Ewald time                 0.00 (37.74% of Nonbo)
|             IPS excludes               0.00 ( 0.12% of Nonbo)
|             Other                      0.00 ( 0.27% of Nonbo)
|          Nonbond force              0.00 (86.70% of Force)
|          Bond/Angle/Dihedral        0.00 ( 9.12% of Force)
|          Other                      0.00 ( 4.18% of Force)
|       Force time                 0.00 (100.0% of Runmd)
|    Runmd Time                 0.00 ( 3.95% of Total)
|    Other                      0.02 (80.99% of Total)
| Total time                 0.02 (99.79% of ALL  )

| Number of list builds   :          1

| Highest rstack allocated:         80
| Highest istack allocated:         16
|           Job began  at 15:13:16.555  on 05/29/2025
|           Setup done at 15:13:16.573  on 05/29/2025
|           Run   done at 15:13:16.579  on 05/29/2025
|     wallclock() was called      58 times

|3D-RISM memory allocation summary
|Type          Maximum        Current   
|Integer       0.00000 GB     0.00000 GB
|Real          0.00000 GB     0.00000 GB
|Logical       0.00000 GB     0.00000 GB
|Character     0.00000 GB     0.00000 GB
|---------------------------------------
|Total         0.00000 GB     0.00000 GB
