
          -------------------------------------------------------
          Amber 18 SANDER                              2018
          -------------------------------------------------------

| Run on 01/22/2026 at 13:46:35

|   Executable path: sander
| Working directory: /home/z40145w/PDI_amber_
|          Hostname: fx0389

  [-O]verwriting output

File Assignments:
|  MDIN: FF_calc.in                                                            
| MDOUT: PDI-C8_mono.out                                                       
|INPCRD: PDI-C8_mono.inpcrd                                                    
|  PARM: PDI-C8_mono.prmtop                                                    
|RESTRT: min.rst                                                               
|  REFC: PDI-C8_mono.inpcrd                                                    
| MDVEL: mdvel                                                                 
| MDFRC: mdfrc                                                                 
|  MDEN: mden                                                                  
| MDCRD: mdcrd                                                                 
|MDINFO: mdinfo                                                                
|  MTMD: mtmd                                                                  
|INPDIP: inpdip                                                                
|RSTDIP: rstdip                                                                
|INPTRA: inptraj                                                               

 
 Here is the input file:
 
Simple energy evaluation                                                       
&cntrl                                                                         
  imin=1,       ! Do minimization mode (needed to evaluate energy)             
  maxcyc=0,     ! Do zero steps = evaluate energy only                         
  ntb=0,        ! No periodic boundary conditions                              
  cut=999.0,    ! No nonbonded cutoff (optional: set to 10.0 if needed)        
/                                                                              

--------------------------------------------------------------------------------
   1.  RESOURCE   USE: 
--------------------------------------------------------------------------------

| Flags:                                                                        
|    NONPERIODIC   ntb=0 and igb=0: Setting up nonperiodic simulation
|  *** cutoff > system size, list only builds once
|Largest sphere to fit in unit cell has radius =    32.712
| New format PARM file being parsed.
| Version =    1.000 Date = 01/22/26 Time = 13:46:35
 NATOM  =      88 NTYPES =       7 NBONH =      42 MBONA  =      52
 NTHETH =      98 MTHETA =      76 NPHIH =     158 MPHIA  =     166
 NHPARM =       0 NPARM  =       0 NNB   =     519 NRES   =       1
 NBONA  =      52 NTHETA =      76 NPHIA =     166 NUMBND =       9
 NUMANG =      15 NPTRA  =      15 NATYP =       8 NPHB   =       0
 IFBOX  =       0 NMXRS  =      88 IFCAP =       0 NEXTRA =       0
 NCOPY  =       0


|     Memory Use     Allocated
|     Real               11539
|     Hollerith            267
|     Integer            38412
|     Max Pairs           3828
|     nblistReal          1056
|     nblist Int       1322856
|       Total             5431 kbytes

| Note: 1-4 EEL scale factors are being read from the topology file.

| Note: 1-4 VDW scale factors are being read from the topology file.
| Duplicated    0 dihedrals
| Duplicated    0 dihedrals

--------------------------------------------------------------------------------
   2.  CONTROL  DATA  FOR  THE  RUN
--------------------------------------------------------------------------------

MOL                                                                             

General flags:
     imin    =       1, nmropt  =       0

Nature and format of input:
     ntx     =       1, irest   =       0, ntrx    =       1

Nature and format of output:
     ntxo    =       2, ntpr    =      50, ntrx    =       1, ntwr    =       1
     iwrap   =       0, ntwx    =       0, ntwv    =       0, ntwe    =       0
     ioutfm  =       1, ntwprt  =       0, idecomp =       0, rbornstat=      0

Potential function:
     ntf     =       1, ntb     =       0, igb     =       0, nsnb    =      25
     ipol    =       0, gbsa    =       0, iesp    =       0
     dielc   =   1.00000, cut     = 999.00000, intdiel =   1.00000

Frozen or restrained atoms:
     ibelly  =       0, ntr     =       0

Energy minimization:
     maxcyc  =       0, ncyc    =      10, ntmin   =       1
     dx0     =   0.01000, drms    =   0.00010
|  INFO: Old style inpcrd file read


--------------------------------------------------------------------------------
   3.  ATOMIC COORDINATES AND VELOCITIES
--------------------------------------------------------------------------------

MOL                                                                             
 begin time read from input coords =     0.000 ps

 Number of triangulated 3-point waters found:        0

     Sum of charges from parm topology file =   0.00000200
     Forcing neutrality...

--------------------------------------------------------------------------------
   4.  RESULTS
--------------------------------------------------------------------------------

 ---------------------------------------------------

     eedmeth=4: Setting switch to one everywhere

 ---------------------------------------------------
| Local SIZE OF NONBOND LIST =       3315
| TOTAL SIZE OF NONBOND LIST =       3315


   NSTEP       ENERGY          RMS            GMAX         NAME    NUMBER
      1       5.8443E+01     1.0367E+01     4.1769E+01     C11        11

 BOND    =       11.5535  ANGLE   =        6.1127  DIHED      =        6.8896
 VDWAALS =       -2.7884  EEL     =      -10.9255  HBOND      =        0.0000
 1-4 VDW =       31.4608  1-4 EEL =       16.1401  RESTRAINT  =        0.0000


  Maximum number of minimization cycles reached.


                    FINAL RESULTS



   NSTEP       ENERGY          RMS            GMAX         NAME    NUMBER
      1       5.8443E+01     1.0367E+01     4.1769E+01     C11        11

 BOND    =       11.5535  ANGLE   =        6.1127  DIHED      =        6.8896
 VDWAALS =       -2.7884  EEL     =      -10.9255  HBOND      =        0.0000
 1-4 VDW =       31.4608  1-4 EEL =       16.1401  RESTRAINT  =        0.0000

--------------------------------------------------------------------------------
   5.  TIMINGS
--------------------------------------------------------------------------------

|    Read coords time           0.00 (11.60% of Total)
|    Fast Water setup           0.00 ( 0.02% of Total)
|                Build the list             0.00 (96.21% of List )
|                Other                      0.00 ( 3.79% of List )
|             List time                  0.00 (50.99% of Nonbo)
|                   Short_ene time             0.00 (99.29% of Direc)
|                   Other                      0.00 ( 0.71% of Direc)
|                Direct Ewald time          0.00 (92.53% of Ewald)
|                Force Adjust               0.00 ( 0.09% of Ewald)
|                Virial junk                0.00 ( 0.09% of Ewald)
|                Start synchronizatio       0.00 ( 0.10% of Ewald)
|                Other                      0.00 ( 7.18% of Ewald)
|             Ewald time                 0.00 (48.87% of Nonbo)
|             IPS excludes               0.00 ( 0.09% of Nonbo)
|             Other                      0.00 ( 0.05% of Nonbo)
|          Nonbond force              0.00 (86.21% of Force)
|          Bond/Angle/Dihedral        0.00 (12.07% of Force)
|          Other                      0.00 ( 1.72% of Force)
|       Force time                 0.00 (100.0% of Runmd)
|    Runmd Time                 0.00 ( 5.75% of Total)
|    Other                      0.04 (82.63% of Total)
| Total time                 0.04 (99.88% of ALL  )

| Number of list builds   :          1

| Highest rstack allocated:        395
| Highest istack allocated:         79
|           Job began  at 13:46:35.710  on 01/22/2026
|           Setup done at 13:46:35.734  on 01/22/2026
|           Run   done at 13:46:35.752  on 01/22/2026
|     wallclock() was called      58 times

|3D-RISM memory allocation summary
|Type          Maximum        Current   
|Integer       0.00000 GB     0.00000 GB
|Real          0.00000 GB     0.00000 GB
|Logical       0.00000 GB     0.00000 GB
|Character     0.00000 GB     0.00000 GB
|---------------------------------------
|Total         0.00000 GB     0.00000 GB
