
          -------------------------------------------------------
          Amber 18 SANDER                              2018
          -------------------------------------------------------

| Run on 01/22/2026 at 13:46:35

|   Executable path: sander
| Working directory: /home/z40145w/PDI_amber_
|          Hostname: fx0393

  [-O]verwriting output

File Assignments:
|  MDIN: FF_calc.in                                                            
| MDOUT: PDI_mono.out                                                          
|INPCRD: PDI_mono.inpcrd                                                       
|  PARM: PDI_mono.prmtop                                                       
|RESTRT: min.rst                                                               
|  REFC: PDI_mono.inpcrd                                                       
| MDVEL: mdvel                                                                 
| MDFRC: mdfrc                                                                 
|  MDEN: mden                                                                  
| MDCRD: mdcrd                                                                 
|MDINFO: mdinfo                                                                
|  MTMD: mtmd                                                                  
|INPDIP: inpdip                                                                
|RSTDIP: rstdip                                                                
|INPTRA: inptraj                                                               

 
 Here is the input file:
 
Simple energy evaluation                                                       
&cntrl                                                                         
  imin=1,       ! Do minimization mode (needed to evaluate energy)             
  maxcyc=0,     ! Do zero steps = evaluate energy only                         
  ntb=0,        ! No periodic boundary conditions                              
  cut=999.0,    ! No nonbonded cutoff (optional: set to 10.0 if needed)        
/                                                                              

--------------------------------------------------------------------------------
   1.  RESOURCE   USE: 
--------------------------------------------------------------------------------

| Flags:                                                                        
|    NONPERIODIC   ntb=0 and igb=0: Setting up nonperiodic simulation
|  *** cutoff > system size, list only builds once
|Largest sphere to fit in unit cell has radius =    30.000
| New format PARM file being parsed.
| Version =    1.000 Date = 01/22/26 Time = 13:46:34
 NATOM  =      40 NTYPES =       5 NBONH =      10 MBONA  =      36
 NTHETH =      20 MTHETA =      58 NPHIH =      50 MPHIA  =     108
 NHPARM =       0 NPARM  =       0 NNB   =     237 NRES   =       1
 NBONA  =      36 NTHETA =      58 NPHIA =     108 NUMBND =       6
 NUMANG =       8 NPTRA  =       6 NATYP =       6 NPHB   =       0
 IFBOX  =       0 NMXRS  =      40 IFCAP =       0 NEXTRA =       0
 NCOPY  =       0


|     Memory Use     Allocated
|     Real                7484
|     Hollerith            123
|     Integer            28834
|     Max Pairs            780
|     nblistReal           480
|     nblist Int       1006823
|       Total             4111 kbytes

| Note: 1-4 EEL scale factors are being read from the topology file.

| Note: 1-4 VDW scale factors are being read from the topology file.
| Duplicated    0 dihedrals
| Duplicated    0 dihedrals

--------------------------------------------------------------------------------
   2.  CONTROL  DATA  FOR  THE  RUN
--------------------------------------------------------------------------------

MOL                                                                             

General flags:
     imin    =       1, nmropt  =       0

Nature and format of input:
     ntx     =       1, irest   =       0, ntrx    =       1

Nature and format of output:
     ntxo    =       2, ntpr    =      50, ntrx    =       1, ntwr    =       1
     iwrap   =       0, ntwx    =       0, ntwv    =       0, ntwe    =       0
     ioutfm  =       1, ntwprt  =       0, idecomp =       0, rbornstat=      0

Potential function:
     ntf     =       1, ntb     =       0, igb     =       0, nsnb    =      25
     ipol    =       0, gbsa    =       0, iesp    =       0
     dielc   =   1.00000, cut     = 999.00000, intdiel =   1.00000

Frozen or restrained atoms:
     ibelly  =       0, ntr     =       0

Energy minimization:
     maxcyc  =       0, ncyc    =      10, ntmin   =       1
     dx0     =   0.01000, drms    =   0.00010
|  INFO: Old style inpcrd file read


--------------------------------------------------------------------------------
   3.  ATOMIC COORDINATES AND VELOCITIES
--------------------------------------------------------------------------------

MOL                                                                             
 begin time read from input coords =     0.000 ps

 Number of triangulated 3-point waters found:        0

     Sum of charges from parm topology file =  -0.00000400
     Forcing neutrality...

--------------------------------------------------------------------------------
   4.  RESULTS
--------------------------------------------------------------------------------

 ---------------------------------------------------

     eedmeth=4: Setting switch to one everywhere

 ---------------------------------------------------
| Local SIZE OF NONBOND LIST =        549
| TOTAL SIZE OF NONBOND LIST =        549


   NSTEP       ENERGY          RMS            GMAX         NAME    NUMBER
      1       9.7703E+00     1.2881E+01     4.3692E+01     C11        11

 BOND    =       10.2695  ANGLE   =        2.4544  DIHED      =       16.0000
 VDWAALS =       -0.4935  EEL     =        0.0458  HBOND      =        0.0000
 1-4 VDW =       21.5227  1-4 EEL =      -40.0285  RESTRAINT  =        0.0000


  Maximum number of minimization cycles reached.


                    FINAL RESULTS



   NSTEP       ENERGY          RMS            GMAX         NAME    NUMBER
      1       9.7703E+00     1.2881E+01     4.3692E+01     C11        11

 BOND    =       10.2695  ANGLE   =        2.4544  DIHED      =       16.0000
 VDWAALS =       -0.4935  EEL     =        0.0458  HBOND      =        0.0000
 1-4 VDW =       21.5227  1-4 EEL =      -40.0285  RESTRAINT  =        0.0000

--------------------------------------------------------------------------------
   5.  TIMINGS
--------------------------------------------------------------------------------

|    Read coords time           0.00 (10.86% of Total)
|    Fast Water setup           0.00 ( 0.02% of Total)
|                Build the list             0.00 (95.27% of List )
|                Other                      0.00 ( 4.73% of List )
|             List time                  0.00 (58.49% of Nonbo)
|                   Short_ene time             0.00 (98.44% of Direc)
|                   Other                      0.00 ( 1.56% of Direc)
|                Direct Ewald time          0.00 (90.31% of Ewald)
|                Force Adjust               0.00 ( 0.22% of Ewald)
|                Virial junk                0.00 ( 0.25% of Ewald)
|                Start synchronizatio       0.00 ( 0.22% of Ewald)
|                Other                      0.00 ( 9.00% of Ewald)
|             Ewald time                 0.00 (41.22% of Nonbo)
|             Other                      0.00 ( 0.30% of Nonbo)
|          Nonbond force              0.00 (29.73% of Force)
|          Bond/Angle/Dihedral        0.00 (69.13% of Force)
|          Other                      0.00 ( 1.14% of Force)
|       Force time                 0.00 (100.0% of Runmd)
|    Runmd Time                 0.00 ( 8.81% of Total)
|    Other                      0.03 (80.31% of Total)
| Total time                 0.04 (99.87% of ALL  )

| Number of list builds   :          1

| Highest rstack allocated:        160
| Highest istack allocated:         32
|           Job began  at 13:46:35.130  on 01/22/2026
|           Setup done at 13:46:35.158  on 01/22/2026
|           Run   done at 13:46:35.171  on 01/22/2026
|     wallclock() was called      58 times

|3D-RISM memory allocation summary
|Type          Maximum        Current   
|Integer       0.00000 GB     0.00000 GB
|Real          0.00000 GB     0.00000 GB
|Logical       0.00000 GB     0.00000 GB
|Character     0.00000 GB     0.00000 GB
|---------------------------------------
|Total         0.00000 GB     0.00000 GB
