
          -------------------------------------------------------
          Amber 18 SANDER                              2018
          -------------------------------------------------------

| Run on 12/11/2025 at 23:45:43

|   Executable path: sander
| Working directory: /data/group1/z40145w/amber_pentacene_test_2
|          Hostname: fx0419

  [-O]verwriting output

File Assignments:
|  MDIN: FF_calc.in                                                            
| MDOUT: 0.out                                                                 
|INPCRD: 0.inpcrd                                                              
|  PARM: 0.prmtop                                                              
|RESTRT: min.rst                                                               
|  REFC: 0.inpcrd                                                              
| MDVEL: mdvel                                                                 
| MDFRC: mdfrc                                                                 
|  MDEN: mden                                                                  
| MDCRD: mdcrd                                                                 
|MDINFO: mdinfo                                                                
|  MTMD: mtmd                                                                  
|INPDIP: inpdip                                                                
|RSTDIP: rstdip                                                                
|INPTRA: inptraj                                                               

 
 Here is the input file:
 
Simple energy evaluation                                                       
&cntrl                                                                         
  imin=1,       ! Do minimization mode (needed to evaluate energy)             
  maxcyc=0,     ! Do zero steps = evaluate energy only                         
  ntb=0,        ! No periodic boundary conditions                              
  cut=999.0,    ! No nonbonded cutoff (optional: set to 10.0 if needed)        
/                                                                              

--------------------------------------------------------------------------------
   1.  RESOURCE   USE: 
--------------------------------------------------------------------------------

| Flags:                                                                        
|    NONPERIODIC   ntb=0 and igb=0: Setting up nonperiodic simulation
|  *** cutoff > system size, list only builds once
|Largest sphere to fit in unit cell has radius =    30.000
| New format PARM file being parsed.
| Version =    1.000 Date = 12/11/25 Time = 23:45:42
 NATOM  =      36 NTYPES =       2 NBONH =      14 MBONA  =      26
 NTHETH =      28 MTHETA =      38 NPHIH =      64 MPHIA  =      62
 NHPARM =       0 NPARM  =       0 NNB   =     197 NRES   =       1
 NBONA  =      26 NTHETA =      38 NPHIA =      62 NUMBND =       2
 NUMANG =       2 NPTRA  =       2 NATYP =       2 NPHB   =       0
 IFBOX  =       0 NMXRS  =      36 IFCAP =       0 NEXTRA =       0
 NCOPY  =       0


|     Memory Use     Allocated
|     Real                7130
|     Hollerith            111
|     Integer            27147
|     Max Pairs            630
|     nblistReal           432
|     nblist Int        960880
|       Total             3921 kbytes

| Note: 1-4 EEL scale factors are being read from the topology file.

| Note: 1-4 VDW scale factors are being read from the topology file.
| Duplicated    0 dihedrals
| Duplicated    0 dihedrals

--------------------------------------------------------------------------------
   2.  CONTROL  DATA  FOR  THE  RUN
--------------------------------------------------------------------------------

pentacene                                                                       

General flags:
     imin    =       1, nmropt  =       0

Nature and format of input:
     ntx     =       1, irest   =       0, ntrx    =       1

Nature and format of output:
     ntxo    =       2, ntpr    =      50, ntrx    =       1, ntwr    =       1
     iwrap   =       0, ntwx    =       0, ntwv    =       0, ntwe    =       0
     ioutfm  =       1, ntwprt  =       0, idecomp =       0, rbornstat=      0

Potential function:
     ntf     =       1, ntb     =       0, igb     =       0, nsnb    =      25
     ipol    =       0, gbsa    =       0, iesp    =       0
     dielc   =   1.00000, cut     = 999.00000, intdiel =   1.00000

Frozen or restrained atoms:
     ibelly  =       0, ntr     =       0

Energy minimization:
     maxcyc  =       0, ncyc    =      10, ntmin   =       1
     dx0     =   0.01000, drms    =   0.00010
|  INFO: Old style inpcrd file read


--------------------------------------------------------------------------------
   3.  ATOMIC COORDINATES AND VELOCITIES
--------------------------------------------------------------------------------

pentacene                                                                       
 begin time read from input coords =     0.000 ps

 Number of triangulated 3-point waters found:        0

     Sum of charges from parm topology file =   0.00000600
     Forcing neutrality...

--------------------------------------------------------------------------------
   4.  RESULTS
--------------------------------------------------------------------------------

 ---------------------------------------------------

     eedmeth=4: Setting switch to one everywhere

 ---------------------------------------------------
| Local SIZE OF NONBOND LIST =        435
| TOTAL SIZE OF NONBOND LIST =        435


   NSTEP       ENERGY          RMS            GMAX         NAME    NUMBER
      1       3.0023E+01     2.5039E+01     6.6065E+01     C           3

 BOND    =       12.3962  ANGLE   =        2.1780  DIHED      =        0.0000
 VDWAALS =       -3.0611  EEL     =      -15.7044  HBOND      =        0.0000
 1-4 VDW =       15.9778  1-4 EEL =       18.2363  RESTRAINT  =        0.0000


  Maximum number of minimization cycles reached.


                    FINAL RESULTS



   NSTEP       ENERGY          RMS            GMAX         NAME    NUMBER
      1       3.0023E+01     2.5039E+01     6.6065E+01     C           3

 BOND    =       12.3962  ANGLE   =        2.1780  DIHED      =        0.0000
 VDWAALS =       -3.0611  EEL     =      -15.7044  HBOND      =        0.0000
 1-4 VDW =       15.9778  1-4 EEL =       18.2363  RESTRAINT  =        0.0000

--------------------------------------------------------------------------------
   5.  TIMINGS
--------------------------------------------------------------------------------

|    Read coords time           0.00 ( 6.12% of Total)
|    Fast Water setup           0.00 ( 0.01% of Total)
|                Build the list             0.00 (94.83% of List )
|                Other                      0.00 ( 5.17% of List )
|             List time                  0.00 (55.71% of Nonbo)
|                   Short_ene time             0.00 (98.48% of Direc)
|                   Other                      0.00 ( 1.52% of Direc)
|                Direct Ewald time          0.00 (91.52% of Ewald)
|                Virial junk                0.00 ( 0.47% of Ewald)
|                Start synchronizatio       0.00 ( 0.47% of Ewald)
|                Other                      0.00 ( 7.54% of Ewald)
|             Ewald time                 0.00 (43.90% of Nonbo)
|             Other                      0.00 ( 0.39% of Nonbo)
|          Nonbond force              0.00 (47.76% of Force)
|          Bond/Angle/Dihedral        0.00 (50.17% of Force)
|          Other                      0.00 ( 2.07% of Force)
|       Force time                 0.00 (100.0% of Runmd)
|    Runmd Time                 0.00 ( 3.78% of Total)
|    Other                      0.05 (90.09% of Total)
| Total time                 0.05 (99.90% of ALL  )

| Number of list builds   :          1

| Highest rstack allocated:        140
| Highest istack allocated:         28
|           Job began  at 23:45:43.255  on 12/11/2025
|           Setup done at 23:45:43.279  on 12/11/2025
|           Run   done at 23:45:43.309  on 12/11/2025
|     wallclock() was called      58 times

|3D-RISM memory allocation summary
|Type          Maximum        Current   
|Integer       0.00000 GB     0.00000 GB
|Real          0.00000 GB     0.00000 GB
|Logical       0.00000 GB     0.00000 GB
|Character     0.00000 GB     0.00000 GB
|---------------------------------------
|Total         0.00000 GB     0.00000 GB
