
          -------------------------------------------------------
          Amber 18 SANDER                              2018
          -------------------------------------------------------

| Run on 02/03/2026 at 13:07:01

|   Executable path: sander
| Working directory: /home/z40145w/ditBu_BTBT_amber
|          Hostname: fx0433

  [-O]verwriting output

File Assignments:
|  MDIN: FF_calc.in                                                            
| MDOUT: ditBu_BTBT.out                                                        
|INPCRD: ditBu_BTBT.inpcrd                                                     
|  PARM: ditBu_BTBT.prmtop                                                     
|RESTRT: min.rst                                                               
|  REFC: ditBu_BTBT.inpcrd                                                     
| MDVEL: mdvel                                                                 
| MDFRC: mdfrc                                                                 
|  MDEN: mden                                                                  
| MDCRD: mdcrd                                                                 
|MDINFO: mdinfo                                                                
|  MTMD: mtmd                                                                  
|INPDIP: inpdip                                                                
|RSTDIP: rstdip                                                                
|INPTRA: inptraj                                                               

 
 Here is the input file:
 
Simple energy evaluation                                                       
&cntrl                                                                         
  imin=1,       ! Do minimization mode (needed to evaluate energy)             
  maxcyc=0,     ! Do zero steps = evaluate energy only                         
  ntb=0,        ! No periodic boundary conditions                              
  cut=999.0,    ! No nonbonded cutoff (optional: set to 10.0 if needed)        
/                                                                              

--------------------------------------------------------------------------------
   1.  RESOURCE   USE: 
--------------------------------------------------------------------------------

| Flags:                                                                        
|    NONPERIODIC   ntb=0 and igb=0: Setting up nonperiodic simulation
|  *** cutoff > system size, list only builds once
|Largest sphere to fit in unit cell has radius =    32.177
| New format PARM file being parsed.
| Version =    1.000 Date = 02/03/26 Time = 13:07:01
 NATOM  =      48 NTYPES =       5 NBONH =      24 MBONA  =      27
 NTHETH =      48 MTHETA =      44 NPHIH =      82 MPHIA  =      66
 NHPARM =       0 NPARM  =       0 NNB   =     264 NRES   =       1
 NBONA  =      27 NTHETA =      44 NPHIA =      66 NUMBND =      11
 NUMANG =      18 NPTRA  =       9 NATYP =       7 NPHB   =       0
 IFBOX  =       0 NMXRS  =      48 IFCAP =       0 NEXTRA =       0
 NCOPY  =       0


|     Memory Use     Allocated
|     Real                8162
|     Hollerith            147
|     Integer            28739
|     Max Pairs           1128
|     nblistReal           576
|     nblist Int       1051291
|       Total             4292 kbytes

| Note: 1-4 EEL scale factors are being read from the topology file.

| Note: 1-4 VDW scale factors are being read from the topology file.
| Duplicated    0 dihedrals
| Duplicated    0 dihedrals

--------------------------------------------------------------------------------
   2.  CONTROL  DATA  FOR  THE  RUN
--------------------------------------------------------------------------------

MOL                                                                             

General flags:
     imin    =       1, nmropt  =       0

Nature and format of input:
     ntx     =       1, irest   =       0, ntrx    =       1

Nature and format of output:
     ntxo    =       2, ntpr    =      50, ntrx    =       1, ntwr    =       1
     iwrap   =       0, ntwx    =       0, ntwv    =       0, ntwe    =       0
     ioutfm  =       1, ntwprt  =       0, idecomp =       0, rbornstat=      0

Potential function:
     ntf     =       1, ntb     =       0, igb     =       0, nsnb    =      25
     ipol    =       0, gbsa    =       0, iesp    =       0
     dielc   =   1.00000, cut     = 999.00000, intdiel =   1.00000

Frozen or restrained atoms:
     ibelly  =       0, ntr     =       0

Energy minimization:
     maxcyc  =       0, ncyc    =      10, ntmin   =       1
     dx0     =   0.01000, drms    =   0.00010
|  INFO: Old style inpcrd file read


--------------------------------------------------------------------------------
   3.  ATOMIC COORDINATES AND VELOCITIES
--------------------------------------------------------------------------------

MOL                                                                             
 begin time read from input coords =     0.000 ps

 Number of triangulated 3-point waters found:        0

     Sum of charges from parm topology file =  -0.00000800
     Forcing neutrality...

--------------------------------------------------------------------------------
   4.  RESULTS
--------------------------------------------------------------------------------

 ---------------------------------------------------

     eedmeth=4: Setting switch to one everywhere

 ---------------------------------------------------
| Local SIZE OF NONBOND LIST =        867
| TOTAL SIZE OF NONBOND LIST =        867


   NSTEP       ENERGY          RMS            GMAX         NAME    NUMBER
      1       4.5992E+01     1.4379E+01     4.4343E+01     C10        12

 BOND    =        2.0806  ANGLE   =       20.8263  DIHED      =        0.0314
 VDWAALS =       12.0804  EEL     =      -42.2757  HBOND      =        0.0000
 1-4 VDW =       14.9236  1-4 EEL =       38.3257  RESTRAINT  =        0.0000


  Maximum number of minimization cycles reached.


                    FINAL RESULTS



   NSTEP       ENERGY          RMS            GMAX         NAME    NUMBER
      1       4.5992E+01     1.4379E+01     4.4343E+01     C10        12

 BOND    =        2.0806  ANGLE   =       20.8263  DIHED      =        0.0314
 VDWAALS =       12.0804  EEL     =      -42.2757  HBOND      =        0.0000
 1-4 VDW =       14.9236  1-4 EEL =       38.3257  RESTRAINT  =        0.0000

--------------------------------------------------------------------------------
   5.  TIMINGS
--------------------------------------------------------------------------------

|    Read coords time           0.00 ( 9.45% of Total)
|    Fast Water setup           0.00 ( 0.02% of Total)
|                Build the list             0.00 (95.53% of List )
|                Other                      0.00 ( 4.47% of List )
|             List time                  0.00 (57.81% of Nonbo)
|                   Short_ene time             0.00 (98.92% of Direc)
|                   Other                      0.00 ( 1.08% of Direc)
|                Direct Ewald time          0.00 (91.26% of Ewald)
|                Virial junk                0.00 ( 0.40% of Ewald)
|                Start synchronizatio       0.00 ( 0.38% of Ewald)
|                Other                      0.00 ( 7.96% of Ewald)
|             Ewald time                 0.00 (42.04% of Nonbo)
|             IPS excludes               0.00 ( 0.08% of Nonbo)
|             Other                      0.00 ( 0.08% of Nonbo)
|          Nonbond force              0.00 (48.89% of Force)
|          Bond/Angle/Dihedral        0.00 (49.37% of Force)
|          Other                      0.00 ( 1.75% of Force)
|       Force time                 0.00 (100.0% of Runmd)
|    Runmd Time                 0.00 ( 6.66% of Total)
|    Other                      0.03 (83.87% of Total)
| Total time                 0.04 (99.86% of ALL  )

| Number of list builds   :          1

| Highest rstack allocated:        200
| Highest istack allocated:         40
|           Job began  at 13:07:01.584  on 02/03/2026
|           Setup done at 13:07:01.611  on 02/03/2026
|           Run   done at 13:07:01.621  on 02/03/2026
|     wallclock() was called      58 times

|3D-RISM memory allocation summary
|Type          Maximum        Current   
|Integer       0.00000 GB     0.00000 GB
|Real          0.00000 GB     0.00000 GB
|Logical       0.00000 GB     0.00000 GB
|Character     0.00000 GB     0.00000 GB
|---------------------------------------
|Total         0.00000 GB     0.00000 GB
